<?xml version="1.0" encoding="UTF-8"?>
<!-- Generated by org.testng.reporters.JUnitReportReporter -->
<testsuite hostname="AUSMEL277060L" failures="0" tests="1" name="com.computerproject.testcases.TC02_JS_Confirm" time="6.151" errors="0" timestamp="2021-09-19T17:18:41 AEST" skipped="0">
  <testcase classname="com.computerproject.testcases.TC02_JS_Confirm" name="test_JSConfirm" time="6.151"/>
  <system-out/>
</testsuite> <!-- com.computerproject.testcases.TC02_JS_Confirm -->
