<?xml version="1.0" encoding="UTF-8"?>
<!-- Generated by org.testng.reporters.JUnitReportReporter -->
<testsuite hostname="AUSMEL277060L" failures="0" tests="1" name="com.computerproject.testcases.TC01_Add_Computer" time="14.969" errors="0" timestamp="2021-09-19T02:06:30 AEST" skipped="0">
  <testcase classname="com.computerproject.testcases.TC01_Add_Computer" name="AddComputerDataBase" time="14.969"/>
  <system-out/>
</testsuite> <!-- com.computerproject.testcases.TC01_Add_Computer -->
