<?xml version="1.0" encoding="UTF-8"?>
<!-- Generated by org.testng.reporters.JUnitReportReporter -->
<testsuite hostname="AUSMEL277060L" failures="0" tests="1" name="com.computerproject.testcases.TC04_JavaScriptAlerts" time="6.211" errors="0" timestamp="2021-09-19T01:41:30 AEST" skipped="0">
  <testcase classname="com.computerproject.testcases.TC04_JavaScriptAlerts" name="test_JSPrompt" time="6.211"/>
  <system-out/>
</testsuite> <!-- com.computerproject.testcases.TC04_JavaScriptAlerts -->
