<?xml version="1.0" encoding="UTF-8"?>
<!-- Generated by org.testng.reporters.JUnitReportReporter -->
<testsuite hostname="AUSMEL277060L" failures="0" tests="1" name="com.computerproject.testcases.TC02_JavaScriptAlerts" time="3.142" errors="0" timestamp="2021-09-19T01:43:05 AEST" skipped="0">
  <testcase classname="com.computerproject.testcases.TC02_JavaScriptAlerts" name="test_JSAlert" time="3.142"/>
  <system-out/>
</testsuite> <!-- com.computerproject.testcases.TC02_JavaScriptAlerts -->
